<?xml version="1.0" encoding="UTF-8" standalone="yes"?>
<!DOCTYPE report PUBLIC "-//JACOCO//DTD Report 1.1//EN" "report.dtd">
<report name="payment-service">
  <package name="it/siae/payment">
    <class name="it/siae/payment/PaymentService" sourcefilename="PaymentService.java">
      <counter type="LINE" missed="3" covered="17"/>
      <counter type="COMPLEXITY" missed="1" covered="5"/>
    </class>
    <sourcefile name="PaymentService.java">
      <counter type="LINE" missed="3" covered="17"/>
    </sourcefile>
  </package>
  <counter type="INSTRUCTION" missed="20" covered="80"/>
  <counter type="LINE" missed="3" covered="17"/>
  <counter type="COMPLEXITY" missed="1" covered="5"/>
</report>
