<?xml version="1.0" encoding="UTF-8"?>
<!DOCTYPE report PUBLIC "-//JACOCO//DTD Report 1.1//EN" "http://www.jacoco.org/jacoco/report/report.dtd">
<report name="aggregate">
  <group name="module-a">
    <package name="com/example/a">
      <sourcefile name="A1.java">
        <counter type="LINE" missed="2" covered="8"/>
      </sourcefile>
      <sourcefile name="A2.java">
        <counter type="LINE" missed="0" covered="10"/>
      </sourcefile>
      <counter type="LINE" missed="2" covered="18"/>
    </package>
  </group>
  <group name="module-b">
    <group name="nested-submodule">
      <package name="com/example/b">
        <sourcefile name="B1.java">
          <counter type="LINE" missed="5" covered="5"/>
        </sourcefile>
        <counter type="LINE" missed="5" covered="5"/>
      </package>
    </group>
  </group>
  <counter type="LINE" missed="7" covered="23"/>
</report>
